#
# There is insufficient memory for the Java Runtime Environment to continue.
# Native memory allocation (mmap) failed to map 176160768 bytes for G1 virtual space
# Possible reasons:
#   The system is out of physical RAM or swap space
#   The process is running with CompressedOops enabled, and the Java Heap may be blocking the growth of the native heap
# Possible solutions:
#   Reduce memory load on the system
#   Increase physical memory or swap space
#   Check if swap backing store is full
#   Decrease Java heap size (-Xmx/-Xms)
#   Decrease number of Java threads
#   Decrease Java thread stack sizes (-Xss)
#   Set larger code cache with -XX:ReservedCodeCacheSize=
#   JVM is running with Zero Based Compressed Oops mode in which the Java heap is
#     placed in the first 32GB address space. The Java Heap base address is the
#     maximum limit for the native heap growth. Please use -XX:HeapBaseMinAddress
#     to set the Java Heap base and to place the Java Heap above 32GB virtual address.
# This output file may be truncated or incomplete.
#
#  Out of Memory Error (os_windows.cpp:3530), pid=1728, tid=25064
#
# JRE version:  (18.0.2+9) (build )
# Java VM: OpenJDK 64-Bit Server VM (18.0.2+9-FR, mixed mode, sharing, tiered, compressed oops, compressed class ptrs, g1 gc, windows-amd64)
# No core dump will be written. Minidumps are not enabled by default on client versions of Windows
#

---------------  S U M M A R Y ------------

Command Line: -javaagent:C:\Program Files\JetBrains\IntelliJ IDEA Community Edition 2022.2.3\lib\idea_rt.jar=65268:C:\Program Files\JetBrains\IntelliJ IDEA Community Edition 2022.2.3\bin -Dfile.encoding=UTF-8 -Dsun.stdout.encoding=UTF-8 -Dsun.stderr.encoding=UTF-8 org.example.Main

Host: Intel(R) Core(TM) i5-3230M CPU @ 2.60GHz, 4 cores, 10G,  Windows 7 , 64 bit Build 7601 (6.1.7601.17932)
Time: Tue May  2 23:20:45 2023 Финляндия (лето) elapsed time: 0.536917 seconds (0d 0h 0m 0s)

---------------  T H R E A D  ---------------

Current thread (0x0000000000337570):  JavaThread "Unknown thread" [_thread_in_vm, id=25064, stack(0x0000000002390000,0x0000000002490000)]

Stack: [0x0000000002390000,0x0000000002490000]
Native frames: (J=compiled Java code, j=interpreted, Vv=VM code, C=native code)
V  [jvm.dll+0x685a2a]
V  [jvm.dll+0x82ae8d]
V  [jvm.dll+0x82c75e]
V  [jvm.dll+0x82ce03]
V  [jvm.dll+0x25ef4b]
V  [jvm.dll+0x6828ca]
V  [jvm.dll+0x67745a]
V  [jvm.dll+0x3243f9]
V  [jvm.dll+0x32ba86]
V  [jvm.dll+0x37e00a]
V  [jvm.dll+0x37e24f]
V  [jvm.dll+0x2fb50a]
V  [jvm.dll+0x2fc581]
V  [jvm.dll+0x7fb300]
V  [jvm.dll+0x38af71]
V  [jvm.dll+0x7dab95]
V  [jvm.dll+0x4058f3]
V  [jvm.dll+0x4072b1]
C  [jli.dll+0x519f]
C  [ucrtbase.DLL+0x203ba]
C  [kernel32.dll+0x1652d]
C  [ntdll.dll+0x2c521]


---------------  P R O C E S S  ---------------

Threads class SMR info:
_java_thread_list=0x000007feabe59610, length=0, elements={
}

Java Threads: ( => current thread )

Other Threads:
  0x0000000000393e30 WorkerThread "GC Thread#0" [stack: 0x000000001fae0000,0x000000001fbe0000] [id=25020]
  0x00000000003a0f40 ConcurrentGCThread "G1 Main Marker" [stack: 0x000000001fc90000,0x000000001fd90000] [id=27328]
  0x00000000003a1840 WorkerThread "G1 Conc#0" [stack: 0x000000001fea0000,0x000000001ffa0000] [id=26104]

[error occurred during error reporting (printing all threads), id 0xc0000005, EXCEPTION_ACCESS_VIOLATION (0xc0000005) at pc=0x000007feab62c5c7]

VM state: not at safepoint (not fully initialized)

VM Mutex/Monitor currently owned by a thread:  ([mutex/lock_event])
[0x0000000000334e30] Heap_lock - owner thread: 0x0000000000337570

Heap address: 0x0000000759c00000, size: 2660 MB, Compressed Oops mode: Zero based, Oop shift amount: 3

CDS archive(s) mapped at: [0x0000000000000000-0x0000000000000000-0x0000000000000000), size 0, SharedBaseAddress: 0x0000000800000000, ArchiveRelocationMode: 0.
Narrow klass base: 0x0000000000000000, Narrow klass shift: 0, Narrow klass range: 0x0

GC Precious Log:
 CardTable entry size: 512
 Card Set container configuration: InlinePtr #cards 4 size 8 Array Of Cards #cards 16 size 48 Howl #buckets 8 coarsen threshold 3686 Howl Bitmap #cards 512 size 80 coarsen threshold 460 Card regions per heap region 1 cards per card region 4096

Heap:
 garbage-first heap   total 0K, used 0K [0x0000000759c00000, 0x0000000800000000)
  region size 2048K, 0 young (0K), 0 survivors (0K)

[error occurred during error reporting (printing heap information), id 0xc0000005, EXCEPTION_ACCESS_VIOLATION (0xc0000005) at pc=0x000007feab9fd5a9]

GC Heap History (0 events):
No events

Deoptimization events (0 events):
No events

Classes loaded (0 events):
No events

Classes unloaded (0 events):
No events

Classes redefined (0 events):
No events

Internal exceptions (0 events):
No events

VM Operations (0 events):
No events

Events (1 events):
Event: 0.368 Loaded shared library C:\Users\User\.jdks\corretto-18.0.2\bin\java.dll


Dynamic libraries:
0x000000013fb60000 - 0x000000013fb6d000 	C:\Users\User\.jdks\corretto-18.0.2\bin\java.exe
0x0000000076fe0000 - 0x0000000077189000 	C:\Windows\SYSTEM32\ntdll.dll
0x000007feb2400000 - 0x000007feb2413000 	C:\Program Files\AVAST Software\Avast\aswhook.dll
0x0000000076900000 - 0x0000000076a1f000 	C:\Windows\system32\kernel32.dll
0x000007fefd5d0000 - 0x000007fefd63c000 	C:\Windows\system32\KERNELBASE.dll
0x000007feedd20000 - 0x000007feedd37000 	C:\Users\User\.jdks\corretto-18.0.2\bin\jli.dll
0x000007fefbec0000 - 0x000007fefc0b4000 	C:\Windows\WinSxS\amd64_microsoft.windows.common-controls_6595b64144ccf1df_6.0.7601.17514_none_fa396087175ac9ac\COMCTL32.dll
0x000007fefd810000 - 0x000007fefd8af000 	C:\Windows\system32\msvcrt.dll
0x000007feff220000 - 0x000007feff287000 	C:\Windows\system32\GDI32.dll
0x0000000076a20000 - 0x0000000076b1a000 	C:\Windows\system32\USER32.dll
0x000007fefe8e0000 - 0x000007fefe8ee000 	C:\Windows\system32\LPK.dll
0x000007feff150000 - 0x000007feff219000 	C:\Windows\system32\USP10.dll
0x000007fefed50000 - 0x000007fefedc1000 	C:\Windows\system32\SHLWAPI.dll
0x000007fed8a20000 - 0x000007fed8a35000 	C:\Users\User\.jdks\corretto-18.0.2\bin\VCRUNTIME140.dll
0x000007fefa2b0000 - 0x000007fefa2b4000 	C:\Users\User\.jdks\corretto-18.0.2\bin\api-ms-win-crt-runtime-l1-1-0.dll
0x000007feb5560000 - 0x000007feb565c000 	C:\Users\User\.jdks\corretto-18.0.2\bin\ucrtbase.DLL
0x000007fefa140000 - 0x000007fefa143000 	C:\Users\User\.jdks\corretto-18.0.2\bin\api-ms-win-core-localization-l1-2-0.dll
0x000007fed89d0000 - 0x000007fed89d3000 	C:\Users\User\.jdks\corretto-18.0.2\bin\api-ms-win-core-processthreads-l1-1-1.dll
0x000007fed8950000 - 0x000007fed8953000 	C:\Users\User\.jdks\corretto-18.0.2\bin\api-ms-win-core-file-l1-2-0.dll
0x000007fed8930000 - 0x000007fed8933000 	C:\Users\User\.jdks\corretto-18.0.2\bin\api-ms-win-core-timezone-l1-1-0.dll
0x000007fed8920000 - 0x000007fed8923000 	C:\Users\User\.jdks\corretto-18.0.2\bin\api-ms-win-core-file-l2-1-0.dll
0x000007fed88f0000 - 0x000007fed88f3000 	C:\Users\User\.jdks\corretto-18.0.2\bin\api-ms-win-core-synch-l1-2-0.dll
0x000007fed88c0000 - 0x000007fed88c3000 	C:\Users\User\.jdks\corretto-18.0.2\bin\api-ms-win-crt-heap-l1-1-0.dll
0x000007fed88b0000 - 0x000007fed88b4000 	C:\Users\User\.jdks\corretto-18.0.2\bin\api-ms-win-crt-string-l1-1-0.dll
0x000007fed88a0000 - 0x000007fed88a4000 	C:\Users\User\.jdks\corretto-18.0.2\bin\api-ms-win-crt-stdio-l1-1-0.dll
0x000007fed8600000 - 0x000007fed8604000 	C:\Users\User\.jdks\corretto-18.0.2\bin\api-ms-win-crt-convert-l1-1-0.dll
0x000007fed85f0000 - 0x000007fed85f3000 	C:\Users\User\.jdks\corretto-18.0.2\bin\api-ms-win-crt-environment-l1-1-0.dll
0x000007fed8080000 - 0x000007fed8083000 	C:\Users\User\.jdks\corretto-18.0.2\bin\api-ms-win-crt-filesystem-l1-1-0.dll
0x000007fed8070000 - 0x000007fed8075000 	C:\Users\User\.jdks\corretto-18.0.2\bin\api-ms-win-crt-math-l1-1-0.dll
0x000007fed8060000 - 0x000007fed8063000 	C:\Users\User\.jdks\corretto-18.0.2\bin\api-ms-win-crt-locale-l1-1-0.dll
0x000007fefec10000 - 0x000007fefec3e000 	C:\Windows\system32\IMM32.DLL
0x000007fefec40000 - 0x000007fefed49000 	C:\Windows\system32\MSCTF.dll
0x000007fed66d0000 - 0x000007fed676b000 	C:\Users\User\.jdks\corretto-18.0.2\bin\msvcp140.dll
0x000007fed8050000 - 0x000007fed8053000 	C:\Users\User\.jdks\corretto-18.0.2\bin\api-ms-win-crt-time-l1-1-0.dll
0x000007fed8020000 - 0x000007fed8023000 	C:\Users\User\.jdks\corretto-18.0.2\bin\api-ms-win-crt-utility-l1-1-0.dll
0x000007feab320000 - 0x000007feabf91000 	C:\Users\User\.jdks\corretto-18.0.2\bin\server\jvm.dll
0x000007fefedd0000 - 0x000007fefeeab000 	C:\Windows\system32\ADVAPI32.dll
0x000007fefeb10000 - 0x000007fefeb2f000 	C:\Windows\SYSTEM32\sechost.dll
0x000007fefe9e0000 - 0x000007fefeb0d000 	C:\Windows\system32\RPCRT4.dll
0x000007fef99f0000 - 0x000007fef99f9000 	C:\Windows\system32\WSOCK32.dll
0x000007fefe990000 - 0x000007fefe9dd000 	C:\Windows\system32\WS2_32.dll
0x000007fefeeb0000 - 0x000007fefeeb8000 	C:\Windows\system32\NSI.dll
0x000007fefbac0000 - 0x000007fefbafb000 	C:\Windows\system32\WINMM.dll
0x000007fefc5a0000 - 0x000007fefc5ac000 	C:\Windows\system32\VERSION.dll
0x00000000771a0000 - 0x00000000771a7000 	C:\Windows\system32\PSAPI.DLL
0x000007fed8010000 - 0x000007fed801a000 	C:\Users\User\.jdks\corretto-18.0.2\bin\jimage.dll
0x000007fef6550000 - 0x000007fef6675000 	C:\Windows\system32\DBGHELP.DLL
0x000007fed8000000 - 0x000007fed800e000 	C:\Users\User\.jdks\corretto-18.0.2\bin\instrument.dll
0x000007fed6990000 - 0x000007fed69b5000 	C:\Users\User\.jdks\corretto-18.0.2\bin\java.dll

dbghelp: loaded successfully - version: 4.0.5 - missing functions: none
symbol engine: initialized successfully - sym options: 0x614 - pdb path: .;C:\Users\User\.jdks\corretto-18.0.2\bin;C:\Windows\SYSTEM32;C:\Program Files\AVAST Software\Avast;C:\Windows\WinSxS\amd64_microsoft.windows.common-controls_6595b64144ccf1df_6.0.7601.17514_none_fa396087175ac9ac;C:\Users\User\.jdks\corretto-18.0.2\bin\server

VM Arguments:
jvm_args: -javaagent:C:\Program Files\JetBrains\IntelliJ IDEA Community Edition 2022.2.3\lib\idea_rt.jar=65268:C:\Program Files\JetBrains\IntelliJ IDEA Community Edition 2022.2.3\bin -Dfile.encoding=UTF-8 -Dsun.stdout.encoding=UTF-8 -Dsun.stderr.encoding=UTF-8 
java_command: org.example.Main
java_class_path (initial): C:\Users\User\IdeaProjects\untitled2\target\classes
Launcher Type: SUN_STANDARD

[Global flags]
     intx CICompilerCount                          = 3                                         {product} {ergonomic}
     uint ConcGCThreads                            = 1                                         {product} {ergonomic}
     uint G1ConcRefinementThreads                  = 4                                         {product} {ergonomic}
   size_t G1HeapRegionSize                         = 2097152                                   {product} {ergonomic}
    uintx GCDrainStackTargetSize                   = 64                                        {product} {ergonomic}
   size_t InitialHeapSize                          = 176160768                                 {product} {ergonomic}
   size_t MarkStackSize                            = 4194304                                   {product} {ergonomic}
   size_t MaxHeapSize                              = 2789212160                                {product} {ergonomic}
   size_t MinHeapDeltaBytes                        = 2097152                                   {product} {ergonomic}
   size_t MinHeapSize                              = 8388608                                   {product} {ergonomic}
    uintx NonNMethodCodeHeapSize                   = 5832780                                {pd product} {ergonomic}
    uintx NonProfiledCodeHeapSize                  = 122912730                              {pd product} {ergonomic}
    uintx ProfiledCodeHeapSize                     = 122912730                              {pd product} {ergonomic}
    uintx ReservedCodeCacheSize                    = 251658240                              {pd product} {ergonomic}
     bool SegmentedCodeCache                       = true                                      {product} {ergonomic}
   size_t SoftMaxHeapSize                          = 2789212160                             {manageable} {ergonomic}
     bool UseCompressedClassPointers               = true                           {product lp64_product} {ergonomic}
     bool UseCompressedOops                        = true                           {product lp64_product} {ergonomic}
     bool UseG1GC                                  = true                                      {product} {ergonomic}
     bool UseLargePagesIndividualAllocation        = false                                  {pd product} {ergonomic}

Logging:
Log output configuration:
 #0: stdout all=warning uptime,level,tags foldmultilines=false
 #1: stderr all=off uptime,level,tags foldmultilines=false

Environment Variables:
PATH=C:\.jdks\corretto-18.0.2\bin;C:\apache-maven-3.6.3\bin;C:\allure-2.13.0\bin;;C:\Users\User\AppData\Local\Programs\Microsoft VS Code\bin;C:\Program Files\Docker Toolbox;C:\Users\User\.dotnet\tools;C:\Users\User\go\bin;C:\Users\User\AppData\Roaming\npm;C:\Program Files\JetBrains\IntelliJ IDEA Community Edition 2022.2.3\bin;
USERNAME=User
OS=Windows_NT
PROCESSOR_IDENTIFIER=Intel64 Family 6 Model 58 Stepping 9, GenuineIntel



---------------  S Y S T E M  ---------------

OS:
 Windows 7 , 64 bit Build 7601 (6.1.7601.17932)
OS uptime: 10 days 10:25 hours

CPU: total 4 (initial active 4) (2 cores per cpu, 2 threads per core) family 6 model 58 stepping 9 microcode 0x0, cx8, cmov, fxsr, ht, mmx, sse, sse2, sse3, ssse3, sse4.1, sse4.2, popcnt, tsc, tscinvbit, avx, aes, erms, clmul, vzeroupper, clflush

Memory: 4k page, system-wide physical 10634M (631M free)
TotalPageFile size 16596M (AvailPageFile size 40M)
current process WorkingSet (physical memory assigned to process): 11M, peak: 11M
current process commit charge ("private bytes"): 58M, peak: 226M

vm_info: OpenJDK 64-Bit Server VM (18.0.2+9-FR) for windows-amd64 JRE (18.0.2+9-FR), built on Jul 15 2022 20:03:03 by "Administrator" with MS VC++ 15.9 (VS2017)

END.
