#
# There is insufficient memory for the Java Runtime Environment to continue.
# Native memory allocation (mmap) failed to map 176160768 bytes for G1 virtual space
# Possible reasons:
#   The system is out of physical RAM or swap space
#   The process is running with CompressedOops enabled, and the Java Heap may be blocking the growth of the native heap
# Possible solutions:
#   Reduce memory load on the system
#   Increase physical memory or swap space
#   Check if swap backing store is full
#   Decrease Java heap size (-Xmx/-Xms)
#   Decrease number of Java threads
#   Decrease Java thread stack sizes (-Xss)
#   Set larger code cache with -XX:ReservedCodeCacheSize=
#   JVM is running with Zero Based Compressed Oops mode in which the Java heap is
#     placed in the first 32GB address space. The Java Heap base address is the
#     maximum limit for the native heap growth. Please use -XX:HeapBaseMinAddress
#     to set the Java Heap base and to place the Java Heap above 32GB virtual address.
# This output file may be truncated or incomplete.
#
#  Out of Memory Error (os_windows.cpp:3530), pid=14272, tid=23168
#
# JRE version:  (18.0.2+9) (build )
# Java VM: OpenJDK 64-Bit Server VM (18.0.2+9-FR, mixed mode, sharing, tiered, compressed oops, compressed class ptrs, g1 gc, windows-amd64)
# No core dump will be written. Minidumps are not enabled by default on client versions of Windows
#

---------------  S U M M A R Y ------------

Command Line: -javaagent:C:\Program Files\JetBrains\IntelliJ IDEA Community Edition 2022.2.3\lib\idea_rt.jar=50276:C:\Program Files\JetBrains\IntelliJ IDEA Community Edition 2022.2.3\bin -Dfile.encoding=UTF-8 -Dsun.stdout.encoding=UTF-8 -Dsun.stderr.encoding=UTF-8 org.example.cvv

Host: Intel(R) Core(TM) i5-3230M CPU @ 2.60GHz, 4 cores, 10G,  Windows 7 , 64 bit Build 7601 (6.1.7601.17932)
Time: Fri May 12 15:47:15 2023 Финляндия (лето) elapsed time: 0.128213 seconds (0d 0h 0m 0s)

---------------  T H R E A D  ---------------

Current thread (0x0000000000419600):  JavaThread "Unknown thread" [_thread_in_vm, id=23168, stack(0x0000000002210000,0x0000000002310000)]

Stack: [0x0000000002210000,0x0000000002310000]
Native frames: (J=compiled Java code, j=interpreted, Vv=VM code, C=native code)
V  [jvm.dll+0x685a2a]
V  [jvm.dll+0x82ae8d]
V  [jvm.dll+0x82c75e]
V  [jvm.dll+0x82ce03]
V  [jvm.dll+0x25ef4b]
V  [jvm.dll+0x6828ca]
V  [jvm.dll+0x67745a]
V  [jvm.dll+0x3243f9]
V  [jvm.dll+0x32ba86]
V  [jvm.dll+0x37e00a]
V  [jvm.dll+0x37e24f]
V  [jvm.dll+0x2fb50a]
V  [jvm.dll+0x2fc581]
V  [jvm.dll+0x7fb300]
V  [jvm.dll+0x38af71]
V  [jvm.dll+0x7dab95]
V  [jvm.dll+0x4058f3]
V  [jvm.dll+0x4072b1]
C  [jli.dll+0x519f]
C  [ucrtbase.DLL+0x203ba]
C  [kernel32.dll+0x1652d]
C  [ntdll.dll+0x2c521]


---------------  P R O C E S S  ---------------

Threads class SMR info:
_java_thread_list=0x000007fea6c59610, length=0, elements={
}

Java Threads: ( => current thread )

Other Threads:
  0x0000000000473cd0 WorkerThread "GC Thread#0" [stack: 0x000000001fbf0000,0x000000001fcf0000] [id=16676]
  0x0000000000480150 ConcurrentGCThread "G1 Main Marker" [stack: 0x000000001fe20000,0x000000001ff20000] [id=21004]
  0x00000000004816e0 WorkerThread "G1 Conc#0" [stack: 0x000000001fd00000,0x000000001fe00000] [id=13988]

[error occurred during error reporting (printing all threads), id 0xc0000005, EXCEPTION_ACCESS_VIOLATION (0xc0000005) at pc=0x000007fea642c5c7]

VM state: not at safepoint (not fully initialized)

VM Mutex/Monitor currently owned by a thread:  ([mutex/lock_event])
[0x0000000000414fc0] Heap_lock - owner thread: 0x0000000000419600

Heap address: 0x0000000759c00000, size: 2660 MB, Compressed Oops mode: Zero based, Oop shift amount: 3

CDS archive(s) mapped at: [0x0000000000000000-0x0000000000000000-0x0000000000000000), size 0, SharedBaseAddress: 0x0000000800000000, ArchiveRelocationMode: 0.
Narrow klass base: 0x0000000000000000, Narrow klass shift: 0, Narrow klass range: 0x0

GC Precious Log:
 CardTable entry size: 512
 Card Set container configuration: InlinePtr #cards 4 size 8 Array Of Cards #cards 16 size 48 Howl #buckets 8 coarsen threshold 3686 Howl Bitmap #cards 512 size 80 coarsen threshold 460 Card regions per heap region 1 cards per card region 4096

Heap:
 garbage-first heap   total 0K, used 0K [0x0000000759c00000, 0x0000000800000000)
  region size 2048K, 0 young (0K), 0 survivors (0K)

[error occurred during error reporting (printing heap information), id 0xc0000005, EXCEPTION_ACCESS_VIOLATION (0xc0000005) at pc=0x000007fea67fd5a9]

GC Heap History (0 events):
No events

Deoptimization events (0 events):
No events

Classes loaded (0 events):
No events

Classes unloaded (0 events):
No events

Classes redefined (0 events):
No events

Internal exceptions (0 events):
No events

VM Operations (0 events):
No events

Events (1 events):
Event: 0.093 Loaded shared library C:\Users\User\.jdks\corretto-18.0.2\bin\java.dll


Dynamic libraries:
0x000000013f7a0000 - 0x000000013f7ad000 	C:\Users\User\.jdks\corretto-18.0.2\bin\java.exe
0x00000000771e0000 - 0x0000000077389000 	C:\Windows\SYSTEM32\ntdll.dll
0x000007fedba50000 - 0x000007fedba63000 	C:\Program Files\AVAST Software\Avast\aswhook.dll
0x00000000770c0000 - 0x00000000771df000 	C:\Windows\system32\kernel32.dll
0x000007fefd7d0000 - 0x000007fefd83c000 	C:\Windows\system32\KERNELBASE.dll
0x000007feedfb0000 - 0x000007feedfc7000 	C:\Users\User\.jdks\corretto-18.0.2\bin\jli.dll
0x000007fefc6b0000 - 0x000007fefc8a4000 	C:\Windows\WinSxS\amd64_microsoft.windows.common-controls_6595b64144ccf1df_6.0.7601.17514_none_fa396087175ac9ac\COMCTL32.dll
0x000007feff1d0000 - 0x000007feff26f000 	C:\Windows\system32\msvcrt.dll
0x000007feff270000 - 0x000007feff2d7000 	C:\Windows\system32\GDI32.dll
0x0000000076fc0000 - 0x00000000770ba000 	C:\Windows\system32\USER32.dll
0x000007fefdd00000 - 0x000007fefdd0e000 	C:\Windows\system32\LPK.dll
0x000007fefeaa0000 - 0x000007fefeb69000 	C:\Windows\system32\USP10.dll
0x000007fefefc0000 - 0x000007feff031000 	C:\Windows\system32\SHLWAPI.dll
0x000007feec020000 - 0x000007feec035000 	C:\Users\User\.jdks\corretto-18.0.2\bin\VCRUNTIME140.dll
0x000007fef2180000 - 0x000007fef2184000 	C:\Users\User\.jdks\corretto-18.0.2\bin\api-ms-win-crt-runtime-l1-1-0.dll
0x000007fedb630000 - 0x000007fedb72c000 	C:\Users\User\.jdks\corretto-18.0.2\bin\ucrtbase.DLL
0x000007feee100000 - 0x000007feee103000 	C:\Users\User\.jdks\corretto-18.0.2\bin\api-ms-win-core-localization-l1-2-0.dll
0x000007feedfa0000 - 0x000007feedfa3000 	C:\Users\User\.jdks\corretto-18.0.2\bin\api-ms-win-core-processthreads-l1-1-1.dll
0x000007feed470000 - 0x000007feed473000 	C:\Users\User\.jdks\corretto-18.0.2\bin\api-ms-win-core-file-l1-2-0.dll
0x000007feebe00000 - 0x000007feebe03000 	C:\Users\User\.jdks\corretto-18.0.2\bin\api-ms-win-core-timezone-l1-1-0.dll
0x000007feebdf0000 - 0x000007feebdf3000 	C:\Users\User\.jdks\corretto-18.0.2\bin\api-ms-win-core-file-l2-1-0.dll
0x000007feebde0000 - 0x000007feebde3000 	C:\Users\User\.jdks\corretto-18.0.2\bin\api-ms-win-core-synch-l1-2-0.dll
0x000007feebdd0000 - 0x000007feebdd3000 	C:\Users\User\.jdks\corretto-18.0.2\bin\api-ms-win-crt-heap-l1-1-0.dll
0x000007feebd10000 - 0x000007feebd14000 	C:\Users\User\.jdks\corretto-18.0.2\bin\api-ms-win-crt-string-l1-1-0.dll
0x000007feebd00000 - 0x000007feebd04000 	C:\Users\User\.jdks\corretto-18.0.2\bin\api-ms-win-crt-stdio-l1-1-0.dll
0x000007feebcf0000 - 0x000007feebcf4000 	C:\Users\User\.jdks\corretto-18.0.2\bin\api-ms-win-crt-convert-l1-1-0.dll
0x000007fedc570000 - 0x000007fedc573000 	C:\Users\User\.jdks\corretto-18.0.2\bin\api-ms-win-crt-environment-l1-1-0.dll
0x000007fedc560000 - 0x000007fedc563000 	C:\Users\User\.jdks\corretto-18.0.2\bin\api-ms-win-crt-filesystem-l1-1-0.dll
0x000007fedc320000 - 0x000007fedc325000 	C:\Users\User\.jdks\corretto-18.0.2\bin\api-ms-win-crt-math-l1-1-0.dll
0x000007fedc310000 - 0x000007fedc313000 	C:\Users\User\.jdks\corretto-18.0.2\bin\api-ms-win-crt-locale-l1-1-0.dll
0x000007feff0e0000 - 0x000007feff10e000 	C:\Windows\system32\IMM32.DLL
0x000007fefed50000 - 0x000007fefee59000 	C:\Windows\system32\MSCTF.dll
0x000007feda1e0000 - 0x000007feda27b000 	C:\Users\User\.jdks\corretto-18.0.2\bin\msvcp140.dll
0x000007fedc300000 - 0x000007fedc303000 	C:\Users\User\.jdks\corretto-18.0.2\bin\api-ms-win-crt-time-l1-1-0.dll
0x000007fedc1d0000 - 0x000007fedc1d3000 	C:\Users\User\.jdks\corretto-18.0.2\bin\api-ms-win-crt-utility-l1-1-0.dll
0x000007fea6120000 - 0x000007fea6d91000 	C:\Users\User\.jdks\corretto-18.0.2\bin\server\jvm.dll
0x000007feff2e0000 - 0x000007feff3bb000 	C:\Windows\system32\ADVAPI32.dll
0x000007feff110000 - 0x000007feff12f000 	C:\Windows\SYSTEM32\sechost.dll
0x000007feff3c0000 - 0x000007feff4ed000 	C:\Windows\system32\RPCRT4.dll
0x000007fef7540000 - 0x000007fef7549000 	C:\Windows\system32\WSOCK32.dll
0x000007fefdcb0000 - 0x000007fefdcfd000 	C:\Windows\system32\WS2_32.dll
0x000007fefdca0000 - 0x000007fefdca8000 	C:\Windows\system32\NSI.dll
0x000007fefb3e0000 - 0x000007fefb41b000 	C:\Windows\system32\WINMM.dll
0x000007fefc440000 - 0x000007fefc44c000 	C:\Windows\system32\VERSION.dll
0x00000000773b0000 - 0x00000000773b7000 	C:\Windows\system32\PSAPI.DLL
0x000007fedc1c0000 - 0x000007fedc1ca000 	C:\Users\User\.jdks\corretto-18.0.2\bin\jimage.dll
0x000007fef6730000 - 0x000007fef6855000 	C:\Windows\system32\DBGHELP.DLL
0x000007fef2420000 - 0x000007fef242e000 	C:\Users\User\.jdks\corretto-18.0.2\bin\instrument.dll
0x000007fedc150000 - 0x000007fedc175000 	C:\Users\User\.jdks\corretto-18.0.2\bin\java.dll

dbghelp: loaded successfully - version: 4.0.5 - missing functions: none
symbol engine: initialized successfully - sym options: 0x614 - pdb path: .;C:\Users\User\.jdks\corretto-18.0.2\bin;C:\Windows\SYSTEM32;C:\Program Files\AVAST Software\Avast;C:\Windows\WinSxS\amd64_microsoft.windows.common-controls_6595b64144ccf1df_6.0.7601.17514_none_fa396087175ac9ac;C:\Users\User\.jdks\corretto-18.0.2\bin\server

VM Arguments:
jvm_args: -javaagent:C:\Program Files\JetBrains\IntelliJ IDEA Community Edition 2022.2.3\lib\idea_rt.jar=50276:C:\Program Files\JetBrains\IntelliJ IDEA Community Edition 2022.2.3\bin -Dfile.encoding=UTF-8 -Dsun.stdout.encoding=UTF-8 -Dsun.stderr.encoding=UTF-8 
java_command: org.example.cvv
java_class_path (initial): C:\Users\User\IdeaProjects\untitled2\target\classes
Launcher Type: SUN_STANDARD

[Global flags]
     intx CICompilerCount                          = 3                                         {product} {ergonomic}
     uint ConcGCThreads                            = 1                                         {product} {ergonomic}
     uint G1ConcRefinementThreads                  = 4                                         {product} {ergonomic}
   size_t G1HeapRegionSize                         = 2097152                                   {product} {ergonomic}
    uintx GCDrainStackTargetSize                   = 64                                        {product} {ergonomic}
   size_t InitialHeapSize                          = 176160768                                 {product} {ergonomic}
   size_t MarkStackSize                            = 4194304                                   {product} {ergonomic}
   size_t MaxHeapSize                              = 2789212160                                {product} {ergonomic}
   size_t MinHeapDeltaBytes                        = 2097152                                   {product} {ergonomic}
   size_t MinHeapSize                              = 8388608                                   {product} {ergonomic}
    uintx NonNMethodCodeHeapSize                   = 5832780                                {pd product} {ergonomic}
    uintx NonProfiledCodeHeapSize                  = 122912730                              {pd product} {ergonomic}
    uintx ProfiledCodeHeapSize                     = 122912730                              {pd product} {ergonomic}
    uintx ReservedCodeCacheSize                    = 251658240                              {pd product} {ergonomic}
     bool SegmentedCodeCache                       = true                                      {product} {ergonomic}
   size_t SoftMaxHeapSize                          = 2789212160                             {manageable} {ergonomic}
     bool UseCompressedClassPointers               = true                           {product lp64_product} {ergonomic}
     bool UseCompressedOops                        = true                           {product lp64_product} {ergonomic}
     bool UseG1GC                                  = true                                      {product} {ergonomic}
     bool UseLargePagesIndividualAllocation        = false                                  {pd product} {ergonomic}

Logging:
Log output configuration:
 #0: stdout all=warning uptime,level,tags foldmultilines=false
 #1: stderr all=off uptime,level,tags foldmultilines=false

Environment Variables:
PATH=C:\.jdks\corretto-18.0.2\bin;C:\apache-maven-3.6.3\bin;C:\allure-2.13.0\bin;;C:\Users\User\AppData\Local\Programs\Microsoft VS Code\bin;C:\Program Files\Docker Toolbox;C:\Users\User\.dotnet\tools;C:\Users\User\go\bin;C:\Users\User\AppData\Roaming\npm;C:\Program Files\JetBrains\IntelliJ IDEA Community Edition 2022.2.3\bin;
USERNAME=User
OS=Windows_NT
PROCESSOR_IDENTIFIER=Intel64 Family 6 Model 58 Stepping 9, GenuineIntel



---------------  S Y S T E M  ---------------

OS:
 Windows 7 , 64 bit Build 7601 (6.1.7601.17932)
OS uptime: 8 days 16:37 hours

CPU: total 4 (initial active 4) (2 cores per cpu, 2 threads per core) family 6 model 58 stepping 9 microcode 0x0, cx8, cmov, fxsr, ht, mmx, sse, sse2, sse3, ssse3, sse4.1, sse4.2, popcnt, tsc, tscinvbit, avx, aes, erms, clmul, vzeroupper, clflush

Memory: 4k page, system-wide physical 10634M (572M free)
TotalPageFile size 16596M (AvailPageFile size 34M)
current process WorkingSet (physical memory assigned to process): 11M, peak: 11M
current process commit charge ("private bytes"): 58M, peak: 226M

vm_info: OpenJDK 64-Bit Server VM (18.0.2+9-FR) for windows-amd64 JRE (18.0.2+9-FR), built on Jul 15 2022 20:03:03 by "Administrator" with MS VC++ 15.9 (VS2017)

END.
